1710984740.588960 client started (1723333): version 3.2a, socket /tmp/tmux-1000/default, protocol 8
1710984740.588982 on Linux 6.1.0-1035-oem #35-Ubuntu SMP PREEMPT_DYNAMIC Wed Feb 21 10:58:23 UTC 2024
1710984740.588986 using libevent 2.1.12-stable (poll); ncurses 6.3
1710984740.588999 flags are 0x10010000
1710984740.589002 socket is /tmp/tmux-1000/default
1710984740.589012 trying connect
1710984740.589050 add peer 0x5616fbaf5b80: 6 ((nil))
1710984740.589173 sending message 100 to peer 0x5616fbaf5b80 (4 bytes)
1710984740.589194 sending message 111 to peer 0x5616fbaf5b80 (8 bytes)
1710984740.589198 sending message 101 to peer 0x5616fbaf5b80 (16 bytes)
1710984740.589201 sending message 109 to peer 0x5616fbaf5b80 (4 bytes)
1710984740.589204 sending message 102 to peer 0x5616fbaf5b80 (11 bytes)
1710984740.589207 sending message 108 to peer 0x5616fbaf5b80 (30 bytes)
1710984740.589210 sending message 112 to peer 0x5616fbaf5b80 (70 bytes)
1710984740.589213 sending message 112 to peer 0x5616fbaf5b80 (5 bytes)
1710984740.589216 sending message 112 to peer 0x5616fbaf5b80 (5 bytes)
1710984740.589221 sending message 112 to peer 0x5616fbaf5b80 (6 bytes)
1710984740.589224 sending message 112 to peer 0x5616fbaf5b80 (6 bytes)
1710984740.589227 sending message 112 to peer 0x5616fbaf5b80 (11 bytes)
1710984740.589230 sending message 112 to peer 0x5616fbaf5b80 (10 bytes)
1710984740.589232 sending message 112 to peer 0x5616fbaf5b80 (13 bytes)
1710984740.589235 sending message 112 to peer 0x5616fbaf5b80 (13 bytes)
1710984740.589238 sending message 112 to peer 0x5616fbaf5b80 (18 bytes)
1710984740.589243 sending message 112 to peer 0x5616fbaf5b80 (11 bytes)
1710984740.589246 sending message 112 to peer 0x5616fbaf5b80 (21 bytes)
1710984740.589248 sending message 112 to peer 0x5616fbaf5b80 (13 bytes)
1710984740.589251 sending message 112 to peer 0x5616fbaf5b80 (7 bytes)
1710984740.589254 sending message 112 to peer 0x5616fbaf5b80 (13 bytes)
1710984740.589257 sending message 112 to peer 0x5616fbaf5b80 (7 bytes)
1710984740.589260 sending message 112 to peer 0x5616fbaf5b80 (13 bytes)
1710984740.589265 sending message 112 to peer 0x5616fbaf5b80 (9 bytes)
1710984740.589268 sending message 112 to peer 0x5616fbaf5b80 (21 bytes)
1710984740.589271 sending message 112 to peer 0x5616fbaf5b80 (13 bytes)
1710984740.589274 sending message 112 to peer 0x5616fbaf5b80 (8 bytes)
1710984740.589277 sending message 112 to peer 0x5616fbaf5b80 (12 bytes)
1710984740.589280 sending message 112 to peer 0x5616fbaf5b80 (13 bytes)
1710984740.589282 sending message 112 to peer 0x5616fbaf5b80 (9 bytes)
1710984740.589287 sending message 112 to peer 0x5616fbaf5b80 (9 bytes)
1710984740.589290 sending message 112 to peer 0x5616fbaf5b80 (12 bytes)
1710984740.589293 sending message 112 to peer 0x5616fbaf5b80 (8 bytes)
1710984740.589296 sending message 112 to peer 0x5616fbaf5b80 (7 bytes)
1710984740.589299 sending message 112 to peer 0x5616fbaf5b80 (7 bytes)
1710984740.589301 sending message 112 to peer 0x5616fbaf5b80 (9 bytes)
1710984740.589304 sending message 112 to peer 0x5616fbaf5b80 (13 bytes)
1710984740.589309 sending message 112 to peer 0x5616fbaf5b80 (9 bytes)
1710984740.589312 sending message 112 to peer 0x5616fbaf5b80 (15 bytes)
1710984740.589315 sending message 112 to peer 0x5616fbaf5b80 (13 bytes)
1710984740.589318 sending message 112 to peer 0x5616fbaf5b80 (12 bytes)
1710984740.589321 sending message 112 to peer 0x5616fbaf5b80 (8 bytes)
1710984740.589324 sending message 112 to peer 0x5616fbaf5b80 (14 bytes)
1710984740.589327 sending message 112 to peer 0x5616fbaf5b80 (9 bytes)
1710984740.589332 sending message 112 to peer 0x5616fbaf5b80 (10 bytes)
1710984740.589335 sending message 112 to peer 0x5616fbaf5b80 (10 bytes)
1710984740.589337 sending message 112 to peer 0x5616fbaf5b80 (10 bytes)
1710984740.589340 sending message 112 to peer 0x5616fbaf5b80 (10 bytes)
1710984740.589343 sending message 112 to peer 0x5616fbaf5b80 (11 bytes)
1710984740.589346 sending message 112 to peer 0x5616fbaf5b80 (10 bytes)
1710984740.589349 sending message 112 to peer 0x5616fbaf5b80 (8 bytes)
1710984740.589352 sending message 112 to peer 0x5616fbaf5b80 (11 bytes)
1710984740.589357 sending message 112 to peer 0x5616fbaf5b80 (11 bytes)
1710984740.589359 sending message 112 to peer 0x5616fbaf5b80 (11 bytes)
1710984740.589362 sending message 112 to peer 0x5616fbaf5b80 (8 bytes)
1710984740.589365 sending message 112 to peer 0x5616fbaf5b80 (8 bytes)
1710984740.589368 sending message 112 to peer 0x5616fbaf5b80 (8 bytes)
1710984740.589370 sending message 112 to peer 0x5616fbaf5b80 (10 bytes)
1710984740.589373 sending message 112 to peer 0x5616fbaf5b80 (10 bytes)
1710984740.589378 sending message 112 to peer 0x5616fbaf5b80 (10 bytes)
1710984740.589380 sending message 112 to peer 0x5616fbaf5b80 (10 bytes)
1710984740.589383 sending message 112 to peer 0x5616fbaf5b80 (10 bytes)
1710984740.589386 sending message 112 to peer 0x5616fbaf5b80 (11 bytes)
1710984740.589389 sending message 112 to peer 0x5616fbaf5b80 (11 bytes)
1710984740.589392 sending message 112 to peer 0x5616fbaf5b80 (10 bytes)
1710984740.589394 sending message 112 to peer 0x5616fbaf5b80 (9 bytes)
1710984740.589399 sending message 112 to peer 0x5616fbaf5b80 (9 bytes)
1710984740.589402 sending message 112 to peer 0x5616fbaf5b80 (12 bytes)
1710984740.589405 sending message 112 to peer 0x5616fbaf5b80 (9 bytes)
1710984740.589409 sending message 112 to peer 0x5616fbaf5b80 (6 bytes)
1710984740.589412 sending message 112 to peer 0x5616fbaf5b80 (13 bytes)
1710984740.589415 sending message 112 to peer 0x5616fbaf5b80 (8 bytes)
1710984740.589418 sending message 112 to peer 0x5616fbaf5b80 (15 bytes)
1710984740.589425 sending message 112 to peer 0x5616fbaf5b80 (13 bytes)
1710984740.589428 sending message 112 to peer 0x5616fbaf5b80 (70 bytes)
1710984740.589431 sending message 112 to peer 0x5616fbaf5b80 (69 bytes)
1710984740.589434 sending message 112 to peer 0x5616fbaf5b80 (10 bytes)
1710984740.589437 sending message 112 to peer 0x5616fbaf5b80 (8 bytes)
1710984740.589440 sending message 112 to peer 0x5616fbaf5b80 (15 bytes)
1710984740.589442 sending message 112 to peer 0x5616fbaf5b80 (13 bytes)
1710984740.589448 sending message 112 to peer 0x5616fbaf5b80 (10 bytes)
1710984740.589451 sending message 112 to peer 0x5616fbaf5b80 (10 bytes)
1710984740.589453 sending message 112 to peer 0x5616fbaf5b80 (5 bytes)
1710984740.589456 sending message 112 to peer 0x5616fbaf5b80 (15 bytes)
1710984740.589459 sending message 104 to peer 0x5616fbaf5b80 (0 bytes)
1710984740.589462 sending message 110 to peer 0x5616fbaf5b80 (0 bytes)
1710984740.589466 sending message 107 to peer 0x5616fbaf5b80 (4 bytes)
1710984740.589471 sending message 105 to peer 0x5616fbaf5b80 (16 bytes)
1710984740.589474 sending message 105 to peer 0x5616fbaf5b80 (92 bytes)
1710984740.589477 sending message 105 to peer 0x5616fbaf5b80 (18 bytes)
1710984740.589480 sending message 105 to peer 0x5616fbaf5b80 (19 bytes)
1710984740.589483 sending message 105 to peer 0x5616fbaf5b80 (20 bytes)
1710984740.589486 sending message 105 to peer 0x5616fbaf5b80 (64 bytes)
1710984740.589489 sending message 105 to peer 0x5616fbaf5b80 (33 bytes)
1710984740.589494 sending message 105 to peer 0x5616fbaf5b80 (23 bytes)
1710984740.589498 sending message 105 to peer 0x5616fbaf5b80 (26 bytes)
1710984740.589500 sending message 105 to peer 0x5616fbaf5b80 (44 bytes)
1710984740.589503 sending message 105 to peer 0x5616fbaf5b80 (19 bytes)
1710984740.589506 sending message 105 to peer 0x5616fbaf5b80 (38 bytes)
1710984740.589509 sending message 105 to peer 0x5616fbaf5b80 (15 bytes)
1710984740.589512 sending message 105 to peer 0x5616fbaf5b80 (20 bytes)
1710984740.589517 sending message 105 to peer 0x5616fbaf5b80 (22 bytes)
1710984740.589520 sending message 105 to peer 0x5616fbaf5b80 (28 bytes)
1710984740.589523 sending message 105 to peer 0x5616fbaf5b80 (15 bytes)
1710984740.589525 sending message 105 to peer 0x5616fbaf5b80 (34 bytes)
1710984740.589528 sending message 105 to peer 0x5616fbaf5b80 (26 bytes)
1710984740.589531 sending message 105 to peer 0x5616fbaf5b80 (18 bytes)
1710984740.589534 sending message 105 to peer 0x5616fbaf5b80 (21 bytes)
1710984740.589537 sending message 105 to peer 0x5616fbaf5b80 (52 bytes)
1710984740.589542 sending message 105 to peer 0x5616fbaf5b80 (23 bytes)
1710984740.589545 sending message 105 to peer 0x5616fbaf5b80 (13 bytes)
1710984740.589548 sending message 105 to peer 0x5616fbaf5b80 (41 bytes)
1710984740.589556 sending message 105 to peer 0x5616fbaf5b80 (13 bytes)
1710984740.589560 sending message 105 to peer 0x5616fbaf5b80 (21 bytes)
1710984740.589563 sending message 105 to peer 0x5616fbaf5b80 (19 bytes)
1710984740.589566 sending message 105 to peer 0x5616fbaf5b80 (17 bytes)
1710984740.589570 sending message 105 to peer 0x5616fbaf5b80 (1519 bytes)
1710984740.589574 sending message 105 to peer 0x5616fbaf5b80 (33 bytes)
1710984740.589577 sending message 105 to peer 0x5616fbaf5b80 (20 bytes)
1710984740.589580 sending message 105 to peer 0x5616fbaf5b80 (50 bytes)
1710984740.589582 sending message 105 to peer 0x5616fbaf5b80 (18 bytes)
1710984740.589585 sending message 105 to peer 0x5616fbaf5b80 (21 bytes)
1710984740.589588 sending message 105 to peer 0x5616fbaf5b80 (78 bytes)
1710984740.589592 sending message 105 to peer 0x5616fbaf5b80 (38 bytes)
1710984740.589595 sending message 105 to peer 0x5616fbaf5b80 (34 bytes)
1710984740.589598 sending message 105 to peer 0x5616fbaf5b80 (23 bytes)
1710984740.589601 sending message 105 to peer 0x5616fbaf5b80 (21 bytes)
1710984740.589604 sending message 105 to peer 0x5616fbaf5b80 (31 bytes)
1710984740.589607 sending message 105 to peer 0x5616fbaf5b80 (32 bytes)
1710984740.589610 sending message 105 to peer 0x5616fbaf5b80 (15 bytes)
1710984740.589614 sending message 105 to peer 0x5616fbaf5b80 (13 bytes)
1710984740.589617 sending message 105 to peer 0x5616fbaf5b80 (11 bytes)
1710984740.589620 sending message 105 to peer 0x5616fbaf5b80 (8 bytes)
1710984740.589623 sending message 105 to peer 0x5616fbaf5b80 (18 bytes)
1710984740.589626 sending message 105 to peer 0x5616fbaf5b80 (11 bytes)
1710984740.589628 sending message 105 to peer 0x5616fbaf5b80 (18 bytes)
1710984740.589631 sending message 105 to peer 0x5616fbaf5b80 (66 bytes)
1710984740.589637 sending message 105 to peer 0x5616fbaf5b80 (31 bytes)
1710984740.589640 sending message 105 to peer 0x5616fbaf5b80 (119 bytes)
1710984740.589643 sending message 105 to peer 0x5616fbaf5b80 (1036 bytes)
1710984740.589649 sending message 105 to peer 0x5616fbaf5b80 (17 bytes)
1710984740.589653 sending message 105 to peer 0x5616fbaf5b80 (54 bytes)
1710984740.589656 sending message 105 to peer 0x5616fbaf5b80 (23 bytes)
1710984740.589659 sending message 105 to peer 0x5616fbaf5b80 (28 bytes)
1710984740.589664 sending message 105 to peer 0x5616fbaf5b80 (18 bytes)
1710984740.589667 sending message 105 to peer 0x5616fbaf5b80 (16 bytes)
1710984740.589670 sending message 106 to peer 0x5616fbaf5b80 (0 bytes)
1710984740.589673 sending message 200 to peer 0x5616fbaf5b80 (4 bytes)
1710984740.589676 client loop enter
1710984740.590012 peer 0x5616fbaf5b80 message 303
1710984740.590018 open write file 2 -
1710984740.590023 sending message 305 to peer 0x5616fbaf5b80 (8 bytes)
1710984740.590028 write check file 2
1710984740.590085 peer 0x5616fbaf5b80 message 304
1710984740.590088 write 58 to file 2
1710984740.590091 peer 0x5616fbaf5b80 message 203
1710984740.590095 file 2 58 bytes left
1710984740.590101 write check file 2
1710984740.590104 client loop exit
